Using pre-set license
Built from '2022.3/staging' branch; Version is '2022.3.22f1 (887be4894c44) revision 8944612'; Using compiler version '192829333'; Build Type 'Release'
OS: 'Windows 11  (10.0.26100) 64bit Core' Language: 'ja' Physical Memory: 16257 MB
BatchMode: 1, IsHumanControllingUs: 0, StartBugReporterOnCrash: 0, Is64bit: 1, IsPro: 1

COMMAND LINE ARGUMENTS:
C:\Program Files\Unity\Hub\Editor\2022.3.22f1\Editor\Unity.exe
-adb2
-batchMode
-noUpm
-name
AssetImportWorker4
-projectPath
C:/Create/00_SourceTree/NEONDRIVE
-logFile
Logs/AssetImportWorker4.log
-srvPort
62017
Successfully changed project path to: C:/Create/00_SourceTree/NEONDRIVE
C:/Create/00_SourceTree/NEONDRIVE
[UnityMemory] Configuration Parameters - Can be set up in boot.config
    "memorysetup-bucket-allocator-granularity=16"
    "memorysetup-bucket-allocator-bucket-count=8"
    "memorysetup-bucket-allocator-block-size=33554432"
    "memorysetup-bucket-allocator-block-count=8"
    "memorysetup-main-allocator-block-size=16777216"
    "memorysetup-thread-allocator-block-size=16777216"
    "memorysetup-gfx-main-allocator-block-size=16777216"
    "memorysetup-gfx-thread-allocator-block-size=16777216"
    "memorysetup-cache-allocator-block-size=4194304"
    "memorysetup-typetree-allocator-block-size=2097152"
    "memorysetup-profiler-bucket-allocator-granularity=16"
    "memorysetup-profiler-bucket-allocator-bucket-count=8"
    "memorysetup-profiler-bucket-allocator-block-size=33554432"
    "memorysetup-profiler-bucket-allocator-block-count=8"
    "memorysetup-profiler-allocator-block-size=16777216"
    "memorysetup-profiler-editor-allocator-block-size=1048576"
    "memorysetup-temp-allocator-size-main=16777216"
    "memorysetup-job-temp-allocator-block-size=2097152"
    "memorysetup-job-temp-allocator-block-size-background=1048576"
    "memorysetup-job-temp-allocator-reduction-small-platforms=262144"
    "memorysetup-allocator-temp-initial-block-size-main=262144"
    "memorysetup-allocator-temp-initial-block-size-worker=262144"
    "memorysetup-temp-allocator-size-background-worker=32768"
    "memorysetup-temp-allocator-size-job-worker=262144"
    "memorysetup-temp-allocator-size-preload-manager=33554432"
    "memorysetup-temp-allocator-size-nav-mesh-worker=65536"
    "memorysetup-temp-allocator-size-audio-worker=65536"
    "memorysetup-temp-allocator-size-cloud-worker=32768"
    "memorysetup-temp-allocator-size-gi-baking-worker=262144"
    "memorysetup-temp-allocator-size-gfx=262144"
Player connection [11272] Host "[IP] 192.168.3.26 [Port] 0 [Flags] 2 [Guid] 932317073 [EditorId] 932317073 [Version] 1048832 [Id] WindowsEditor(7,DESKTOP-RBLTMTP) [Debug] 1 [PackageName] WindowsEditor [ProjectName] Editor" joined multi-casting on [225.0.0.222:54997]...

Player connection [11272] Host "[IP] 192.168.3.26 [Port] 0 [Flags] 2 [Guid] 932317073 [EditorId] 932317073 [Version] 1048832 [Id] WindowsEditor(7,DESKTOP-RBLTMTP) [Debug] 1 [PackageName] WindowsEditor [ProjectName] Editor" joined alternative multi-casting on [225.0.0.222:34997]...

[Physics::Module] Initialized MultithreadedJobDispatcher with 11 workers.
Refreshing native plugins compatible for Editor in 2365.58 ms, found 3 plugins.
Preloading 0 native plugins for Editor in 0.00 ms.
Initialize engine version: 2022.3.22f1 (887be4894c44)
[Subsystems] Discovering subsystems at path C:/Program Files/Unity/Hub/Editor/2022.3.22f1/Editor/Data/Resources/UnitySubsystems
[Subsystems] Discovering subsystems at path C:/Create/00_SourceTree/NEONDRIVE/Assets
GfxDevice: creating device client; threaded=0; jobified=0
Direct3D:
    Version:  Direct3D 11.0 [level 11.1]
    Renderer: NVIDIA GeForce RTX 4060 (ID=0x2882)
    Vendor:   NVIDIA
    VRAM:     7957 MB
    Driver:   32.0.15.6614
Initialize mono
Mono path[0] = 'C:/Program Files/Unity/Hub/Editor/2022.3.22f1/Editor/Data/Managed'
Mono path[1] = 'C:/Program Files/Unity/Hub/Editor/2022.3.22f1/Editor/Data/MonoBleedingEdge/lib/mono/unityjit-win32'
Mono config path = 'C:/Program Files/Unity/Hub/Editor/2022.3.22f1/Editor/Data/MonoBleedingEdge/etc'
Using monoOptions --debugger-agent=transport=dt_socket,embedding=1,server=y,suspend=n,address=127.0.0.1:56316
Begin MonoManager ReloadAssembly
Registering precompiled unity dll's ...
Register platform support module: C:/Program Files/Unity/Hub/Editor/2022.3.22f1/Editor/Data/PlaybackEngines/WindowsStandaloneSupport/UnityEditor.WindowsStandalone.Extensions.dll
Registered in 0.176159 seconds.
- Loaded All Assemblies, in  6.644 seconds
Native extension for WindowsStandalone target not found
Mono: successfully reloaded assembly
- Finished resetting the current domain, in  0.272 seconds
Domain Reload Profiling: 6914ms
	BeginReloadAssembly (4878ms)
		ExecutionOrderSort (0ms)
		DisableScriptedObjects (0ms)
		BackupInstance (0ms)
		ReleaseScriptingObjects (0ms)
		CreateAndSetChildDomain (1ms)
	RebuildCommonClasses (413ms)
	RebuildNativeTypeToScriptingClass (10ms)
	initialDomainReloadingComplete (227ms)
	LoadAllAssembliesAndSetupDomain (1114ms)
		LoadAssemblies (4875ms)
		RebuildTransferFunctionScriptingTraits (0ms)
		AnalyzeDomain (1111ms)
			TypeCache.Refresh (1110ms)
				TypeCache.ScanAssembly (816ms)
			ScanForSourceGeneratedMonoScriptInfo (0ms)
			ResolveRequiredComponents (1ms)
	FinalizeReload (272ms)
		ReleaseScriptCaches (0ms)
		RebuildScriptCaches (0ms)
		SetupLoadedEditorAssemblies (213ms)
			LogAssemblyErrors (0ms)
			InitializePlatformSupportModulesInManaged (12ms)
			SetLoadedEditorAssemblies (7ms)
			RefreshPlugins (0ms)
			BeforeProcessingInitializeOnLoad (2ms)
			ProcessInitializeOnLoadAttributes (147ms)
			ProcessInitializeOnLoadMethodAttributes (45ms)
			AfterProcessingInitializeOnLoad (0ms)
			EditorAssembliesLoaded (0ms)
		ExecutionOrderSort2 (0ms)
		AwakeInstancesAfterBackupRestoration (0ms)
========================================================================
Worker process is ready to serve import requests
Begin MonoManager ReloadAssembly
Symbol file LoadedFromMemory is not a mono symbol file
- Loaded All Assemblies, in 10.472 seconds
Refreshing native plugins compatible for Editor in 14.08 ms, found 3 plugins.
Native extension for WindowsStandalone target not found
Mono: successfully reloaded assembly
- Finished resetting the current domain, in  0.923 seconds
Domain Reload Profiling: 11390ms
	BeginReloadAssembly (146ms)
		ExecutionOrderSort (0ms)
		DisableScriptedObjects (5ms)
		BackupInstance (0ms)
		ReleaseScriptingObjects (0ms)
		CreateAndSetChildDomain (20ms)
	RebuildCommonClasses (34ms)
	RebuildNativeTypeToScriptingClass (10ms)
	initialDomainReloadingComplete (48ms)
	LoadAllAssembliesAndSetupDomain (10228ms)
		LoadAssemblies (9800ms)
		RebuildTransferFunctionScriptingTraits (0ms)
		AnalyzeDomain (515ms)
			TypeCache.Refresh (470ms)
				TypeCache.ScanAssembly (404ms)
			ScanForSourceGeneratedMonoScriptInfo (32ms)
			ResolveRequiredComponents (11ms)
	FinalizeReload (924ms)
		ReleaseScriptCaches (0ms)
		RebuildScriptCaches (0ms)
		SetupLoadedEditorAssemblies (752ms)
			LogAssemblyErrors (0ms)
			InitializePlatformSupportModulesInManaged (6ms)
			SetLoadedEditorAssemblies (6ms)
			RefreshPlugins (0ms)
			BeforeProcessingInitializeOnLoad (96ms)
			ProcessInitializeOnLoadAttributes (420ms)
			ProcessInitializeOnLoadMethodAttributes (215ms)
			AfterProcessingInitializeOnLoad (10ms)
			EditorAssembliesLoaded (0ms)
		ExecutionOrderSort2 (0ms)
		AwakeInstancesAfterBackupRestoration (6ms)
Launched and connected shader compiler UnityShaderCompiler.exe after 0.08 seconds
Refreshing native plugins compatible for Editor in 14.88 ms, found 3 plugins.
Preloading 0 native plugins for Editor in 0.00 ms.
Unloading 6575 Unused Serialized files (Serialized files now loaded: 0)
Unloading 121 unused Assets / (441.1 KB). Loaded Objects now: 7003.
Memory consumption went from 245.8 MB to 245.4 MB.
Total: 7.656300 ms (FindLiveObjects: 0.552600 ms CreateObjectMapping: 0.251400 ms MarkObjects: 6.476200 ms  DeleteObjects: 0.374500 ms)

AssetImportParameters requested are different than current active one (requested -> active):
  custom:container-demuxer-ogg: 62fdf1f143b41e24485cea50d1cbac27 -> 
  custom:framework-win-MediaFoundation: 216162199b28c13a410421893ffa2e32 -> 
  custom:container-muxer-webm: aa71ff27fc2769a1b78a27578f13a17b -> 
  custom:video-decoder-webm-vp8: 9c59270c3fd7afecdb556c50c9e8de78 -> 
  custom:SearchIndexIgnoredProperties: e643bd26f0fe6173181afceb89e7c659 -> 
  custom:AudioImporter_EditorPlatform: d09bf68614088b80899f8185d706f6e7 -> 
  custom:audio-decoder-ogg-vorbis: bf7c407c2cedff20999df2af8eb42d56 -> 
  custom:audio-encoder-webm-vorbis: bf7c407c2cedff20999df2af8eb42d56 -> 
  custom:video-codec-MediaFoundation-h265: 746d11721c4dcdbdad8f713fa42b33f4 -> 
  custom:video-decoder-ogg-theora: a1e56fd34408186e4bbccfd4996cb3dc -> 
  custom:CustomObjectIndexerAttribute: 72b91833f83ae208fae7752999fa3104 -> 
  custom:container-demuxer-webm: 4f35f7cbe854078d1ac9338744f61a02 -> 
  custom:video-encoder-webm-vp8: eb34c28f22e8b96e1ab97ce403110664 -> 
========================================================================
Received Import Request.
  Time since last request: 3008.622420 seconds.
  path: Assets/TextMesh Pro/Fonts/LiberationSans - OFL.txt
  artifactKey: Guid(6e59c59b81ab47f9b6ec5781fa725d2c) Importer(815301076,1909f56bfc062723c751e8b465ee728b)
Start importing Assets/TextMesh Pro/Fonts/LiberationSans - OFL.txt using Guid(6e59c59b81ab47f9b6ec5781fa725d2c) Importer(815301076,1909f56bfc062723c751e8b465ee728b)  -> (artifact id: '53eaeab1280c88ae65dbee55fd655e43') in 0.026422 seconds
Number of updated asset objects reloaded before import = 0
Number of asset objects unloaded after import = 1
========================================================================
Received Import Request.
  Time since last request: 15.751328 seconds.
  path: Assets/TextMesh Pro/Sprites
  artifactKey: Guid(d0603b6d5186471b96c778c3949c7ce2) Importer(815301076,1909f56bfc062723c751e8b465ee728b)
Start importing Assets/TextMesh Pro/Sprites using Guid(d0603b6d5186471b96c778c3949c7ce2) Importer(815301076,1909f56bfc062723c751e8b465ee728b)  -> (artifact id: '6cb8c8d526b56b02a177794fb5aaffbd') in 0.000564 seconds
Number of updated asset objects reloaded before import = 0
Number of asset objects unloaded after import = 0
========================================================================
Received Import Request.
  Time since last request: 1.878503 seconds.
  path: Assets/TextMesh Pro/Shaders
  artifactKey: Guid(e9f693669af91aa45ad615fc681ed29f) Importer(815301076,1909f56bfc062723c751e8b465ee728b)
Start importing Assets/TextMesh Pro/Shaders using Guid(e9f693669af91aa45ad615fc681ed29f) Importer(815301076,1909f56bfc062723c751e8b465ee728b)  -> (artifact id: '82f431fb395f9d0dbbb787304cdb51f5') in 0.000707 seconds
Number of updated asset objects reloaded before import = 0
Number of asset objects unloaded after import = 0
========================================================================
Received Import Request.
  Time since last request: 0.037167 seconds.
  path: Assets/TextMesh Pro/Shaders/TMPro.cginc
  artifactKey: Guid(407bc68d299748449bbf7f48ee690f8d) Importer(815301076,1909f56bfc062723c751e8b465ee728b)
Start importing Assets/TextMesh Pro/Shaders/TMPro.cginc using Guid(407bc68d299748449bbf7f48ee690f8d) Importer(815301076,1909f56bfc062723c751e8b465ee728b)  -> (artifact id: '0e3b6232a6cf80e28a1df2fb45559c6f') in 0.001404 seconds
Number of updated asset objects reloaded before import = 0
Number of asset objects unloaded after import = 1
========================================================================
Received Import Request.
  Time since last request: 0.003296 seconds.
  path: Assets/TextMesh Pro/Shaders/TMPro_Properties.cginc
  artifactKey: Guid(3997e2241185407d80309a82f9148466) Importer(815301076,1909f56bfc062723c751e8b465ee728b)
Start importing Assets/TextMesh Pro/Shaders/TMPro_Properties.cginc using Guid(3997e2241185407d80309a82f9148466) Importer(815301076,1909f56bfc062723c751e8b465ee728b)  -> (artifact id: '99c81257232774ad0e680ebe6968bf42') in 0.001682 seconds
Number of updated asset objects reloaded before import = 0
Number of asset objects unloaded after import = 1
========================================================================
Received Import Request.
  Time since last request: 0.000019 seconds.
  path: Assets/TextMesh Pro/Shaders/TMPro_Surface.cginc
  artifactKey: Guid(d930090c0cd643c7b55f19a38538c162) Importer(815301076,1909f56bfc062723c751e8b465ee728b)
Start importing Assets/TextMesh Pro/Shaders/TMPro_Surface.cginc using Guid(d930090c0cd643c7b55f19a38538c162) Importer(815301076,1909f56bfc062723c751e8b465ee728b)  -> (artifact id: '958c175b8c3c74658315bfa43e26ec5f') in 0.001209 seconds
Number of updated asset objects reloaded before import = 0
Number of asset objects unloaded after import = 1
========================================================================
Received Import Request.
  Time since last request: 1.343410 seconds.
  path: Assets/TextMesh Pro/Resources
  artifactKey: Guid(243e06394e614e5d99fab26083b707fa) Importer(815301076,1909f56bfc062723c751e8b465ee728b)
Start importing Assets/TextMesh Pro/Resources using Guid(243e06394e614e5d99fab26083b707fa) Importer(815301076,1909f56bfc062723c751e8b465ee728b)  -> (artifact id: 'b2c36a6349224b0ebebc1e51428e6fea') in 0.000564 seconds
Number of updated asset objects reloaded before import = 0
Number of asset objects unloaded after import = 0
========================================================================
Received Import Request.
  Time since last request: 0.030192 seconds.
  path: Assets/TextMesh Pro/Resources/TMP Settings.asset
  artifactKey: Guid(3f5b5dff67a942289a9defa416b206f3) Importer(815301076,1909f56bfc062723c751e8b465ee728b)
Start importing Assets/TextMesh Pro/Resources/TMP Settings.asset using Guid(3f5b5dff67a942289a9defa416b206f3) Importer(815301076,1909f56bfc062723c751e8b465ee728b)  -> (artifact id: 'ef04ccb49a9364f628a893b3fc0dbae1') in 0.075759 seconds
Number of updated asset objects reloaded before import = 0
Number of asset objects unloaded after import = 13
========================================================================
Received Import Request.
  Time since last request: 1.354560 seconds.
  path: Assets/TextMesh Pro/Resources/Fonts & Materials
  artifactKey: Guid(731f1baa9d144a9897cb1d341c2092b8) Importer(815301076,1909f56bfc062723c751e8b465ee728b)
Start importing Assets/TextMesh Pro/Resources/Fonts & Materials using Guid(731f1baa9d144a9897cb1d341c2092b8) Importer(815301076,1909f56bfc062723c751e8b465ee728b)  -> (artifact id: '3a7eab248413d5372ca0e38f8fa86db8') in 0.000711 seconds
Number of updated asset objects reloaded before import = 0
Number of asset objects unloaded after import = 0
========================================================================
Received Import Request.
  Time since last request: 0.053435 seconds.
  path: Assets/TextMesh Pro/Resources/Fonts & Materials/LiberationSans SDF - Drop Shadow.mat
  artifactKey: Guid(e73a58f6e2794ae7b1b7e50b7fb811b0) Importer(815301076,1909f56bfc062723c751e8b465ee728b)
Start importing Assets/TextMesh Pro/Resources/Fonts & Materials/LiberationSans SDF - Drop Shadow.mat using Guid(e73a58f6e2794ae7b1b7e50b7fb811b0) Importer(815301076,1909f56bfc062723c751e8b465ee728b)  -> (artifact id: 'cac079dc6bf03be2c0cee678d0d10e26') in 0.341122 seconds
Number of updated asset objects reloaded before import = 0
Number of asset objects unloaded after import = 3
========================================================================
Received Import Request.
  Time since last request: 6.260274 seconds.
  path: Assets/TextMesh Pro/Resources/Fonts & Materials/LiberationSans SDF - Drop Shadow.mat
  artifactKey: Guid(e73a58f6e2794ae7b1b7e50b7fb811b0) Importer(815301076,1909f56bfc062723c751e8b465ee728b)
Start importing Assets/TextMesh Pro/Resources/Fonts & Materials/LiberationSans SDF - Drop Shadow.mat using Guid(e73a58f6e2794ae7b1b7e50b7fb811b0) Importer(815301076,1909f56bfc062723c751e8b465ee728b)  -> (artifact id: '44add7645f9e32c0cacc48ff3faa9211') in 0.031917 seconds
Number of updated asset objects reloaded before import = 0
Number of asset objects unloaded after import = 2
========================================================================
Received Import Request.
  Time since last request: 9.891512 seconds.
  path: Assets/TextMesh Pro/Resources/Style Sheets
  artifactKey: Guid(4aecb92fff08436c8303b10eab8da368) Importer(815301076,1909f56bfc062723c751e8b465ee728b)
Start importing Assets/TextMesh Pro/Resources/Style Sheets using Guid(4aecb92fff08436c8303b10eab8da368) Importer(815301076,1909f56bfc062723c751e8b465ee728b)  -> (artifact id: '056cf6914e695e5184ae907488c442f7') in 0.000599 seconds
Number of updated asset objects reloaded before import = 0
Number of asset objects unloaded after import = 0
========================================================================
Received Import Request.
  Time since last request: 0.065888 seconds.
  path: Assets/TextMesh Pro/Resources/Style Sheets/Default Style Sheet.asset
  artifactKey: Guid(f952c082cb03451daed3ee968ac6c63e) Importer(815301076,1909f56bfc062723c751e8b465ee728b)
Start importing Assets/TextMesh Pro/Resources/Style Sheets/Default Style Sheet.asset using Guid(f952c082cb03451daed3ee968ac6c63e) Importer(815301076,1909f56bfc062723c751e8b465ee728b)  -> (artifact id: '99cc0ab4796095fc07c7932eec9eb453') in 0.001412 seconds
Number of updated asset objects reloaded before import = 0
Number of asset objects unloaded after import = 1
========================================================================
Received Import Request.
  Time since last request: 11.175121 seconds.
  path: Assets/Scenes/Boss.unity
  artifactKey: Guid(27e0d94fbe2b45e4c983cc6b9a09b21b) Importer(815301076,1909f56bfc062723c751e8b465ee728b)
Start importing Assets/Scenes/Boss.unity using Guid(27e0d94fbe2b45e4c983cc6b9a09b21b) Importer(815301076,1909f56bfc062723c751e8b465ee728b)  -> (artifact id: 'f2f2aaec59d88ed7487d04f074564ce7') in 0.000683 seconds
Number of updated asset objects reloaded before import = 0
Number of asset objects unloaded after import = 0
========================================================================
Received Import Request.
  Time since last request: 2.060063 seconds.
  path: Assets/Scenes/Boss.unity
  artifactKey: Guid(27e0d94fbe2b45e4c983cc6b9a09b21b) Importer(815301076,1909f56bfc062723c751e8b465ee728b)
Start importing Assets/Scenes/Boss.unity using Guid(27e0d94fbe2b45e4c983cc6b9a09b21b) Importer(815301076,1909f56bfc062723c751e8b465ee728b)  -> (artifact id: 'aa27bb73376a6a27a2a76e25de2d9f56') in 0.000573 seconds
Number of updated asset objects reloaded before import = 0
Number of asset objects unloaded after import = 0
========================================================================
Received Import Request.
  Time since last request: 33.545737 seconds.
  path: Assets/TextMesh Pro/Fonts/toroman SDF.asset
  artifactKey: Guid(48850632425dd424c90128562088402a) Importer(815301076,1909f56bfc062723c751e8b465ee728b)
Start importing Assets/TextMesh Pro/Fonts/toroman SDF.asset using Guid(48850632425dd424c90128562088402a) Importer(815301076,1909f56bfc062723c751e8b465ee728b)  -> (artifact id: 'efad301aad93572dcb31e73c90edf581') in 0.146164 seconds
Number of updated asset objects reloaded before import = 0
Number of asset objects unloaded after import = 7
========================================================================
Received Import Request.
  Time since last request: 38.400917 seconds.
  path: Assets/Scenes/Game.unity
  artifactKey: Guid(99c9720ab356a0642a771bea13969a05) Importer(815301076,1909f56bfc062723c751e8b465ee728b)
Start importing Assets/Scenes/Game.unity using Guid(99c9720ab356a0642a771bea13969a05) Importer(815301076,1909f56bfc062723c751e8b465ee728b)  -> (artifact id: '3ff7a4d60dda759232df25e1440b05c8') in 0.000835 seconds
Number of updated asset objects reloaded before import = 0
Number of asset objects unloaded after import = 0
========================================================================
Received Import Request.
  Time since last request: 42.343556 seconds.
  path: Assets/TextMesh Pro/Fonts/Stick-Regular.ttf
  artifactKey: Guid(7e3fdf98afafebd448fe304256ea5a22) Importer(815301076,1909f56bfc062723c751e8b465ee728b)
Start importing Assets/TextMesh Pro/Fonts/Stick-Regular.ttf using Guid(7e3fdf98afafebd448fe304256ea5a22) Importer(815301076,1909f56bfc062723c751e8b465ee728b)  -> (artifact id: 'f10ccf6a1966910e2ef44879695b4a90') in 0.022705 seconds
Number of updated asset objects reloaded before import = 0
Number of asset objects unloaded after import = 5
========================================================================
Received Import Request.
  Time since last request: 71.943995 seconds.
  path: Assets/TextMesh Pro/Fonts/toroman SDF.asset
  artifactKey: Guid(48850632425dd424c90128562088402a) Importer(815301076,1909f56bfc062723c751e8b465ee728b)
Start importing Assets/TextMesh Pro/Fonts/toroman SDF.asset using Guid(48850632425dd424c90128562088402a) Importer(815301076,1909f56bfc062723c751e8b465ee728b)  -> (artifact id: '9bdbb6005089d696bb6520fca02de386') in 0.094000 seconds
Number of updated asset objects reloaded before import = 0
Number of asset objects unloaded after import = 7
========================================================================
Received Import Request.
  Time since last request: 40.535618 seconds.
  path: Assets/TextMesh Pro/Fonts/Stick-Regular SDF.asset
  artifactKey: Guid(bbf88be8054490f42a3781212f3116c1) Importer(815301076,1909f56bfc062723c751e8b465ee728b)
Start importing Assets/TextMesh Pro/Fonts/Stick-Regular SDF.asset using Guid(bbf88be8054490f42a3781212f3116c1) Importer(815301076,1909f56bfc062723c751e8b465ee728b)  -> (artifact id: '7481a5a43ed60ce35c6bf1c4b860a30d') in 0.090414 seconds
Number of updated asset objects reloaded before import = 0
Number of asset objects unloaded after import = 7
========================================================================
Received Import Request.
  Time since last request: 131.139501 seconds.
  path: Assets/TextMesh Pro/Fonts/Stick-Regular SDF.asset
  artifactKey: Guid(bbf88be8054490f42a3781212f3116c1) Importer(815301076,1909f56bfc062723c751e8b465ee728b)
Start importing Assets/TextMesh Pro/Fonts/Stick-Regular SDF.asset using Guid(bbf88be8054490f42a3781212f3116c1) Importer(815301076,1909f56bfc062723c751e8b465ee728b)  -> (artifact id: '482eb39d5ad504ce67eae0ab0dd33d46') in 0.120591 seconds
Number of updated asset objects reloaded before import = 0
Number of asset objects unloaded after import = 7
========================================================================
Received Import Request.
  Time since last request: 73.421179 seconds.
  path: Assets/TextMesh Pro/Fonts/toroman SDF.asset
  artifactKey: Guid(48850632425dd424c90128562088402a) Importer(815301076,1909f56bfc062723c751e8b465ee728b)
Start importing Assets/TextMesh Pro/Fonts/toroman SDF.asset using Guid(48850632425dd424c90128562088402a) Importer(815301076,1909f56bfc062723c751e8b465ee728b)  -> (artifact id: 'a57c222c7ac549c0428b19ab177a9e1b') in 0.089859 seconds
Number of updated asset objects reloaded before import = 0
Number of asset objects unloaded after import = 7
========================================================================
Received Import Request.
  Time since last request: 17.556487 seconds.
  path: Assets/Sci-Fi UI
  artifactKey: Guid(585cf71368ff07849867af4560421cfa) Importer(815301076,1909f56bfc062723c751e8b465ee728b)
Start importing Assets/Sci-Fi UI using Guid(585cf71368ff07849867af4560421cfa) Importer(815301076,1909f56bfc062723c751e8b465ee728b)  -> (artifact id: 'e5343fb620a9c0fd1a2b437d36ca4f70') in 0.000655 seconds
Number of updated asset objects reloaded before import = 0
Number of asset objects unloaded after import = 0
========================================================================
Received Import Request.
  Time since last request: 2.415505 seconds.
  path: Assets/Sci-Fi UI/Demo.unity
  artifactKey: Guid(13070929f2d2dc3468bb951653444db6) Importer(815301076,1909f56bfc062723c751e8b465ee728b)
Start importing Assets/Sci-Fi UI/Demo.unity using Guid(13070929f2d2dc3468bb951653444db6) Importer(815301076,1909f56bfc062723c751e8b465ee728b)  -> (artifact id: 'f4855725bf182bea57458afbfa3526f2') in 0.000636 seconds
Number of updated asset objects reloaded before import = 0
Number of asset objects unloaded after import = 0
========================================================================
Received Import Request.
  Time since last request: 3.691045 seconds.
  path: Assets/Sci-Fi UI/Demo_Assets
  artifactKey: Guid(ff7d801fa96308741bce240131b16a0d) Importer(815301076,1909f56bfc062723c751e8b465ee728b)
Start importing Assets/Sci-Fi UI/Demo_Assets using Guid(ff7d801fa96308741bce240131b16a0d) Importer(815301076,1909f56bfc062723c751e8b465ee728b)  -> (artifact id: 'e5eb1a4ea8282a0b8548cb0e1a07d766') in 0.000778 seconds
Number of updated asset objects reloaded before import = 0
Number of asset objects unloaded after import = 0
========================================================================
Received Import Request.
  Time since last request: 2.858500 seconds.
  path: Assets/Sci-Fi UI/_SciFi_GUISkin_
  artifactKey: Guid(06c42dacf407f3641bbd9e9a3fa911eb) Importer(815301076,1909f56bfc062723c751e8b465ee728b)
Start importing Assets/Sci-Fi UI/_SciFi_GUISkin_ using Guid(06c42dacf407f3641bbd9e9a3fa911eb) Importer(815301076,1909f56bfc062723c751e8b465ee728b)  -> (artifact id: '723641b1a296f7e682bd71c9745c3757') in 0.000939 seconds
Number of updated asset objects reloaded before import = 0
Number of asset objects unloaded after import = 0
========================================================================
Received Import Request.
  Time since last request: 0.054399 seconds.
  path: Assets/Sci-Fi UI/_SciFi_GUISkin_/SciFi_Skin.guiskin
  artifactKey: Guid(9705c0e7595e14d42bcd9e476468d8d7) Importer(815301076,1909f56bfc062723c751e8b465ee728b)
Start importing Assets/Sci-Fi UI/_SciFi_GUISkin_/SciFi_Skin.guiskin using Guid(9705c0e7595e14d42bcd9e476468d8d7) Importer(815301076,1909f56bfc062723c751e8b465ee728b)  -> (artifact id: 'e6b0fbb6d20701d0881da3ee07f8824f') in 0.005737 seconds
Number of updated asset objects reloaded before import = 0
Number of asset objects unloaded after import = 3
========================================================================
Received Import Request.
  Time since last request: 24.612095 seconds.
  path: Assets/Scenes/Test.unity
  artifactKey: Guid(d2d0948ca6e04c64aa99701052f0bfab) Importer(815301076,1909f56bfc062723c751e8b465ee728b)
Start importing Assets/Scenes/Test.unity using Guid(d2d0948ca6e04c64aa99701052f0bfab) Importer(815301076,1909f56bfc062723c751e8b465ee728b)  -> (artifact id: '3f6729138db26dca4bf2eb59815d0cc2') in 0.000666 seconds
Number of updated asset objects reloaded before import = 0
Number of asset objects unloaded after import = 0
========================================================================
Received Import Request.
  Time since last request: 21.472822 seconds.
  path: Assets/Scenes/Title.unity
  artifactKey: Guid(f62448cc56080b044a1bef4169782895) Importer(815301076,1909f56bfc062723c751e8b465ee728b)
Start importing Assets/Scenes/Title.unity using Guid(f62448cc56080b044a1bef4169782895) Importer(815301076,1909f56bfc062723c751e8b465ee728b)  -> (artifact id: '88d609cfc51f3aee5befbacd4628b99c') in 0.000964 seconds
Number of updated asset objects reloaded before import = 0
Number of asset objects unloaded after import = 0
========================================================================
Received Import Request.
  Time since last request: 53.283125 seconds.
  path: Assets/Scenes/Game.unity
  artifactKey: Guid(99c9720ab356a0642a771bea13969a05) Importer(815301076,1909f56bfc062723c751e8b465ee728b)
Start importing Assets/Scenes/Game.unity using Guid(99c9720ab356a0642a771bea13969a05) Importer(815301076,1909f56bfc062723c751e8b465ee728b)  -> (artifact id: 'a6f88d5b9e9de55a1186356003c95a8e') in 0.000558 seconds
Number of updated asset objects reloaded before import = 0
Number of asset objects unloaded after import = 0
========================================================================
Received Import Request.
  Time since last request: 35.946221 seconds.
  path: Assets/Scenes/Boss.unity
  artifactKey: Guid(27e0d94fbe2b45e4c983cc6b9a09b21b) Importer(815301076,1909f56bfc062723c751e8b465ee728b)
Start importing Assets/Scenes/Boss.unity using Guid(27e0d94fbe2b45e4c983cc6b9a09b21b) Importer(815301076,1909f56bfc062723c751e8b465ee728b)  -> (artifact id: '11b0aca515ff920035b9badb55a2b928') in 0.000633 seconds
Number of updated asset objects reloaded before import = 0
Number of asset objects unloaded after import = 0
========================================================================
Received Import Request.
  Time since last request: 2.158427 seconds.
  path: Assets/Scenes/Title.unity
  artifactKey: Guid(f62448cc56080b044a1bef4169782895) Importer(815301076,1909f56bfc062723c751e8b465ee728b)
Start importing Assets/Scenes/Title.unity using Guid(f62448cc56080b044a1bef4169782895) Importer(815301076,1909f56bfc062723c751e8b465ee728b)  -> (artifact id: '6d5741214f60c4adc30164023c7647c9') in 0.000575 seconds
Number of updated asset objects reloaded before import = 0
Number of asset objects unloaded after import = 0
========================================================================
Received Import Request.
  Time since last request: 7.281975 seconds.
  path: Assets/EffectAsset
  artifactKey: Guid(30874a16ae2713d4f8ea1ab5c88ce7fc) Importer(815301076,1909f56bfc062723c751e8b465ee728b)
Start importing Assets/EffectAsset using Guid(30874a16ae2713d4f8ea1ab5c88ce7fc) Importer(815301076,1909f56bfc062723c751e8b465ee728b)  -> (artifact id: '4dc51ec7e315ce6388019c9dfa1a9fae') in 0.000586 seconds
Number of updated asset objects reloaded before import = 0
Number of asset objects unloaded after import = 0
========================================================================
Received Import Request.
  Time since last request: 4.270508 seconds.
  path: Assets/FantasyMonster
  artifactKey: Guid(b9eff51f0adb13a42996ce3e15fdbd89) Importer(815301076,1909f56bfc062723c751e8b465ee728b)
Start importing Assets/FantasyMonster using Guid(b9eff51f0adb13a42996ce3e15fdbd89) Importer(815301076,1909f56bfc062723c751e8b465ee728b)  -> (artifact id: 'b96559914f900213fa91f1c4949f5752') in 0.000661 seconds
Number of updated asset objects reloaded before import = 0
Number of asset objects unloaded after import = 0
========================================================================
Received Import Request.
  Time since last request: 0.943051 seconds.
  path: Assets/FantasyMonster/Skeleton
  artifactKey: Guid(1eafc7f9c0d46f9409b18fc2ac5e4857) Importer(815301076,1909f56bfc062723c751e8b465ee728b)
Start importing Assets/FantasyMonster/Skeleton using Guid(1eafc7f9c0d46f9409b18fc2ac5e4857) Importer(815301076,1909f56bfc062723c751e8b465ee728b)  -> (artifact id: 'ed5c212686b60b6831b8f4635f4bce3a') in 0.000610 seconds
Number of updated asset objects reloaded before import = 0
Number of asset objects unloaded after import = 0
========================================================================
Received Import Request.
  Time since last request: 3.678325 seconds.
  path: Assets/Homeless
  artifactKey: Guid(2c744eb952eb837429d73df28ea1d702) Importer(815301076,1909f56bfc062723c751e8b465ee728b)
Start importing Assets/Homeless using Guid(2c744eb952eb837429d73df28ea1d702) Importer(815301076,1909f56bfc062723c751e8b465ee728b)  -> (artifact id: 'ed9936c268fd5d7adec07f19b40d85af') in 0.000579 seconds
Number of updated asset objects reloaded before import = 0
Number of asset objects unloaded after import = 0
========================================================================
Received Import Request.
  Time since last request: 1.147154 seconds.
  path: Assets/Homeless/UI Assets
  artifactKey: Guid(d267d3142cb69f84dbdcace1ad533564) Importer(815301076,1909f56bfc062723c751e8b465ee728b)
Start importing Assets/Homeless/UI Assets using Guid(d267d3142cb69f84dbdcace1ad533564) Importer(815301076,1909f56bfc062723c751e8b465ee728b)  -> (artifact id: 'e7a226a28b080a99af1d62a33004ddc0') in 0.000581 seconds
Number of updated asset objects reloaded before import = 0
Number of asset objects unloaded after import = 0
========================================================================
Received Import Request.
  Time since last request: 0.630959 seconds.
  path: Assets/Homeless/UI Assets/Ability_Skill_Icons
  artifactKey: Guid(3e142115d3ad93d4399f5ce67b685a09) Importer(815301076,1909f56bfc062723c751e8b465ee728b)
Start importing Assets/Homeless/UI Assets/Ability_Skill_Icons using Guid(3e142115d3ad93d4399f5ce67b685a09) Importer(815301076,1909f56bfc062723c751e8b465ee728b)  -> (artifact id: '85bb00f76eefb60bf465162e3f79ae29') in 0.000563 seconds
Number of updated asset objects reloaded before import = 0
Number of asset objects unloaded after import = 0
========================================================================
Received Import Request.
  Time since last request: 3.506519 seconds.
  path: Assets/Homeless/Demo
  artifactKey: Guid(1cd0161530d50cc429b557da0a788b18) Importer(815301076,1909f56bfc062723c751e8b465ee728b)
Start importing Assets/Homeless/Demo using Guid(1cd0161530d50cc429b557da0a788b18) Importer(815301076,1909f56bfc062723c751e8b465ee728b)  -> (artifact id: '6f1fb96ec8b8dd8e62446f791cc48f02') in 0.000634 seconds
Number of updated asset objects reloaded before import = 0
Number of asset objects unloaded after import = 0
========================================================================
Received Import Request.
  Time since last request: 7.989470 seconds.
  path: Assets/mode
  artifactKey: Guid(30e523eb656de1247ba4edecaa857225) Importer(815301076,1909f56bfc062723c751e8b465ee728b)
Start importing Assets/mode using Guid(30e523eb656de1247ba4edecaa857225) Importer(815301076,1909f56bfc062723c751e8b465ee728b)  -> (artifact id: '100816a4307aff8b7568b488fdb9ba67') in 0.000599 seconds
Number of updated asset objects reloaded before import = 0
Number of asset objects unloaded after import = 0
========================================================================
Received Import Request.
  Time since last request: 0.062263 seconds.
  path: Assets/mode/Death.fbx
  artifactKey: Guid(eea1319b9c40f764fbdc9c52a1306f3a) Importer(815301076,1909f56bfc062723c751e8b465ee728b)
Start importing Assets/mode/Death.fbx using Guid(eea1319b9c40f764fbdc9c52a1306f3a) Importer(815301076,1909f56bfc062723c751e8b465ee728b)  -> (artifact id: 'e912d421f0850da236a1aa1ae1eebb20') in 1.687485 seconds
Number of updated asset objects reloaded before import = 0
Number of asset objects unloaded after import = 148
========================================================================
Received Import Request.
  Time since last request: 16.576463 seconds.
  path: Assets/Mryotaisu
  artifactKey: Guid(e950a7f1f3070cf49a63f42468a4fdc8) Importer(815301076,1909f56bfc062723c751e8b465ee728b)
Start importing Assets/Mryotaisu using Guid(e950a7f1f3070cf49a63f42468a4fdc8) Importer(815301076,1909f56bfc062723c751e8b465ee728b)  -> (artifact id: '986ccbfd542603416c2de58ca0d60755') in 0.007994 seconds
Number of updated asset objects reloaded before import = 0
Number of asset objects unloaded after import = 0
========================================================================
Received Import Request.
  Time since last request: 1.606405 seconds.
  path: Assets/Mryotaisu/_Demo
  artifactKey: Guid(9f7266b5e29b0ac4cb8794862da479df) Importer(815301076,1909f56bfc062723c751e8b465ee728b)
Start importing Assets/Mryotaisu/_Demo using Guid(9f7266b5e29b0ac4cb8794862da479df) Importer(815301076,1909f56bfc062723c751e8b465ee728b)  -> (artifact id: 'f216168c61190024f405f52ddfd622ca') in 0.000629 seconds
Number of updated asset objects reloaded before import = 0
Number of asset objects unloaded after import = 0
========================================================================
Received Import Request.
  Time since last request: 0.060064 seconds.
  path: Assets/Mryotaisu/_Demo/Sitting.fbx
  artifactKey: Guid(18e139984b1757b46b51530c0c4830cb) Importer(815301076,1909f56bfc062723c751e8b465ee728b)
Start importing Assets/Mryotaisu/_Demo/Sitting.fbx using Guid(18e139984b1757b46b51530c0c4830cb) Importer(815301076,1909f56bfc062723c751e8b465ee728b)  -> (artifact id: 'c4796cd6b0ccdcfb959dab141c6d5ad7') in 0.046417 seconds
Number of updated asset objects reloaded before import = 0
Number of asset objects unloaded after import = 148
========================================================================
Received Import Request.
  Time since last request: 5.453782 seconds.
  path: Assets/Mryotaisu/Readme(English and Japanese).txt
  artifactKey: Guid(b38af88f75ddd0f47accb513229167aa) Importer(815301076,1909f56bfc062723c751e8b465ee728b)
Start importing Assets/Mryotaisu/Readme(English and Japanese).txt using Guid(b38af88f75ddd0f47accb513229167aa) Importer(815301076,1909f56bfc062723c751e8b465ee728b)  -> (artifact id: '24583798d6a383d78d811c75fbb9c541') in 0.001373 seconds
Number of updated asset objects reloaded before import = 0
Number of asset objects unloaded after import = 1
========================================================================
Received Import Request.
  Time since last request: 8.867339 seconds.
  path: Assets/MyAssets
  artifactKey: Guid(438279fef53a60445a66190185607f4c) Importer(815301076,1909f56bfc062723c751e8b465ee728b)
Start importing Assets/MyAssets using Guid(438279fef53a60445a66190185607f4c) Importer(815301076,1909f56bfc062723c751e8b465ee728b)  -> (artifact id: '8c1b31a168668daef0d08aa8b72e4902') in 0.000592 seconds
Number of updated asset objects reloaded before import = 0
Number of asset objects unloaded after import = 0
========================================================================
Received Import Request.
  Time since last request: 1.607766 seconds.
  path: Assets/MyAssets/CyberSoldier
  artifactKey: Guid(3e5d7be498d88f4479649c2e1400ca63) Importer(815301076,1909f56bfc062723c751e8b465ee728b)
Start importing Assets/MyAssets/CyberSoldier using Guid(3e5d7be498d88f4479649c2e1400ca63) Importer(815301076,1909f56bfc062723c751e8b465ee728b)  -> (artifact id: 'b6c5a5f19286996040c663dd43e77e83') in 0.000622 seconds
Number of updated asset objects reloaded before import = 0
Number of asset objects unloaded after import = 0
========================================================================
Received Import Request.
  Time since last request: 0.078590 seconds.
  path: Assets/MyAssets/CyberSoldier/CyberSoldier.fbx
  artifactKey: Guid(cf3910b7639e12447827e45f63f60201) Importer(815301076,1909f56bfc062723c751e8b465ee728b)
Start importing Assets/MyAssets/CyberSoldier/CyberSoldier.fbx using Guid(cf3910b7639e12447827e45f63f60201) Importer(815301076,1909f56bfc062723c751e8b465ee728b)  -> (artifact id: '5cbbd514a928f3dd854e23828a8d64df') in 0.846851 seconds
Number of updated asset objects reloaded before import = 0
Number of asset objects unloaded after import = 96
========================================================================
Received Import Request.
  Time since last request: 4.464296 seconds.
  path: Assets/MyAssets/CyberSoldier/Materials
  artifactKey: Guid(d643292eaacfd4b4a9df5bc0333173be) Importer(815301076,1909f56bfc062723c751e8b465ee728b)
Start importing Assets/MyAssets/CyberSoldier/Materials using Guid(d643292eaacfd4b4a9df5bc0333173be) Importer(815301076,1909f56bfc062723c751e8b465ee728b)  -> (artifact id: 'c2b96dd807e82e3f8db5fde5d838eba9') in 0.000633 seconds
Number of updated asset objects reloaded before import = 0
Number of asset objects unloaded after import = 0
========================================================================
Received Import Request.
  Time since last request: 0.056650 seconds.
  path: Assets/MyAssets/CyberSoldier/Materials/CyberMat.mat
  artifactKey: Guid(98ec97c496fac904a811768eda3cc3f2) Importer(815301076,1909f56bfc062723c751e8b465ee728b)
Start importing Assets/MyAssets/CyberSoldier/Materials/CyberMat.mat using Guid(98ec97c496fac904a811768eda3cc3f2) Importer(815301076,1909f56bfc062723c751e8b465ee728b)  -> (artifact id: 'fffce520551e10c8b27bed2edfbd3c26') in 0.025402 seconds
Number of updated asset objects reloaded before import = 0
Number of asset objects unloaded after import = 6
========================================================================
Received Import Request.
  Time since last request: 14.506238 seconds.
  path: Assets/Enemy
  artifactKey: Guid(1f7ed90b19fc59d49a8661040ceeb990) Importer(815301076,1909f56bfc062723c751e8b465ee728b)
Start importing Assets/Enemy using Guid(1f7ed90b19fc59d49a8661040ceeb990) Importer(815301076,1909f56bfc062723c751e8b465ee728b)  -> (artifact id: 'd88ae545e2b111310d8b0350fe189005') in 0.000629 seconds
Number of updated asset objects reloaded before import = 0
Number of asset objects unloaded after import = 0
========================================================================
Received Import Request.
  Time since last request: 0.027030 seconds.
  path: Assets/Enemy/Boss.prefab
  artifactKey: Guid(5f26f11a98b4072469576bcd2f4ad57a) Importer(815301076,1909f56bfc062723c751e8b465ee728b)
Start importing Assets/Enemy/Boss.prefab using Guid(5f26f11a98b4072469576bcd2f4ad57a) Importer(815301076,1909f56bfc062723c751e8b465ee728b)  -> (artifact id: '1a25b5b0118c12d88e8cbb0291237a65') in 0.075664 seconds
Number of updated asset objects reloaded before import = 0
Number of asset objects unloaded after import = 210
========================================================================
Received Import Request.
  Time since last request: 0.000043 seconds.
  path: Assets/Enemy/Skeleton.prefab
  artifactKey: Guid(a77cae28f1d2bfa41a27400a34cd617a) Importer(815301076,1909f56bfc062723c751e8b465ee728b)
Start importing Assets/Enemy/Skeleton.prefab using Guid(a77cae28f1d2bfa41a27400a34cd617a) Importer(815301076,1909f56bfc062723c751e8b465ee728b)  -> (artifact id: '6ffe9a037c8f2da7205685c8ea3c4c76') in 0.850156 seconds
Number of updated asset objects reloaded before import = 0
Number of asset objects unloaded after import = 306
========================================================================
Received Import Request.
  Time since last request: 6.866832 seconds.
  path: Assets/Polygonal Mind
  artifactKey: Guid(35ac5fa4e12882641ac0c0440e6504a6) Importer(815301076,1909f56bfc062723c751e8b465ee728b)
Start importing Assets/Polygonal Mind using Guid(35ac5fa4e12882641ac0c0440e6504a6) Importer(815301076,1909f56bfc062723c751e8b465ee728b)  -> (artifact id: '740515dc1fdd3a02877df32c01999cd8') in 0.000756 seconds
Number of updated asset objects reloaded before import = 0
Number of asset objects unloaded after import = 0
========================================================================
Received Import Request.
  Time since last request: 1.825585 seconds.
  path: Assets/Polygonal Mind/Assets
  artifactKey: Guid(58efd885808d1ae4b8f0656a26dae52d) Importer(815301076,1909f56bfc062723c751e8b465ee728b)
Start importing Assets/Polygonal Mind/Assets using Guid(58efd885808d1ae4b8f0656a26dae52d) Importer(815301076,1909f56bfc062723c751e8b465ee728b)  -> (artifact id: '2aaa5f56d333d2b552d1d0e1f322d75a') in 0.000619 seconds
Number of updated asset objects reloaded before import = 0
Number of asset objects unloaded after import = 0
========================================================================
Received Import Request.
  Time since last request: 0.678698 seconds.
  path: Assets/Polygonal Mind/Assets/2108_ABMAssetPack
  artifactKey: Guid(7f23548c4f653db4c84584e3f30dc101) Importer(815301076,1909f56bfc062723c751e8b465ee728b)
Start importing Assets/Polygonal Mind/Assets/2108_ABMAssetPack using Guid(7f23548c4f653db4c84584e3f30dc101) Importer(815301076,1909f56bfc062723c751e8b465ee728b)  -> (artifact id: '71670e6a0d89b547c1bf4e889c19ea25') in 0.000642 seconds
Number of updated asset objects reloaded before import = 0
Number of asset objects unloaded after import = 0
========================================================================
Received Import Request.
  Time since last request: 2.923617 seconds.
  path: Assets/Polygonal Mind/Assets/2108_ABMAssetPack/Prefabs
  artifactKey: Guid(fb194f02d9576db4ab6fbcf7cb592325) Importer(815301076,1909f56bfc062723c751e8b465ee728b)
Start importing Assets/Polygonal Mind/Assets/2108_ABMAssetPack/Prefabs using Guid(fb194f02d9576db4ab6fbcf7cb592325) Importer(815301076,1909f56bfc062723c751e8b465ee728b)  -> (artifact id: '959c2d31b8ee1b763c8139c3e1344806') in 0.000601 seconds
Number of updated asset objects reloaded before import = 0
Number of asset objects unloaded after import = 0
========================================================================
Received Import Request.
  Time since last request: 0.067648 seconds.
  path: Assets/Polygonal Mind/Assets/2108_ABMAssetPack/Prefabs/Altar01_Art.prefab
  artifactKey: Guid(5b2e745150218184f80c3aec2408686b) Importer(815301076,1909f56bfc062723c751e8b465ee728b)
Start importing Assets/Polygonal Mind/Assets/2108_ABMAssetPack/Prefabs/Altar01_Art.prefab using Guid(5b2e745150218184f80c3aec2408686b) Importer(815301076,1909f56bfc062723c751e8b465ee728b)  -> (artifact id: 'c7560a4748c412b88ad5949bb585c37c') in 3.373082 seconds
Number of updated asset objects reloaded before import = 0
Number of asset objects unloaded after import = 13
========================================================================
Received Import Request.
  Time since last request: 0.000046 seconds.
  path: Assets/Polygonal Mind/Assets/2108_ABMAssetPack/Prefabs/HexagonFloorLarge01_Art.prefab
  artifactKey: Guid(719be6b11206bc04ba3d7bacfffe1aea) Importer(815301076,1909f56bfc062723c751e8b465ee728b)
Start importing Assets/Polygonal Mind/Assets/2108_ABMAssetPack/Prefabs/HexagonFloorLarge01_Art.prefab using Guid(719be6b11206bc04ba3d7bacfffe1aea) Importer(815301076,1909f56bfc062723c751e8b465ee728b)  -> (artifact id: 'a00f1521735b0c558f2b7a5f37e36c14') in 0.028626 seconds
Number of updated asset objects reloaded before import = 0
Number of asset objects unloaded after import = 12
========================================================================
Received Import Request.
  Time since last request: 0.000065 seconds.
  path: Assets/Polygonal Mind/Assets/2108_ABMAssetPack/Prefabs/HoloTree01_Art.prefab
  artifactKey: Guid(f362fdb14e67a5b4f8ee4e7747a8a0a2) Importer(815301076,1909f56bfc062723c751e8b465ee728b)
Start importing Assets/Polygonal Mind/Assets/2108_ABMAssetPack/Prefabs/HoloTree01_Art.prefab using Guid(f362fdb14e67a5b4f8ee4e7747a8a0a2) Importer(815301076,1909f56bfc062723c751e8b465ee728b)  -> (artifact id: '3413e42efb9d351f59a1158f31e4e718') in 0.038950 seconds
Number of updated asset objects reloaded before import = 0
Number of asset objects unloaded after import = 17
========================================================================
Received Import Request.
  Time since last request: 0.000041 seconds.
  path: Assets/Polygonal Mind/Assets/2108_ABMAssetPack/Prefabs/TeleporterVIP01_Art.prefab
  artifactKey: Guid(3f9e2559cc918fe488dd05513bab46f2) Importer(815301076,1909f56bfc062723c751e8b465ee728b)
Start importing Assets/Polygonal Mind/Assets/2108_ABMAssetPack/Prefabs/TeleporterVIP01_Art.prefab using Guid(3f9e2559cc918fe488dd05513bab46f2) Importer(815301076,1909f56bfc062723c751e8b465ee728b)  -> (artifact id: 'c2f2fd90a8379115c95335e0b9d5f226') in 0.039005 seconds
Number of updated asset objects reloaded before import = 0
Number of asset objects unloaded after import = 15
========================================================================
Received Import Request.
  Time since last request: 0.000036 seconds.
  path: Assets/Polygonal Mind/Assets/2108_ABMAssetPack/Prefabs/Teleporter02_Art.prefab
  artifactKey: Guid(e9062b652d78e6149a2aa38c2d82dc16) Importer(815301076,1909f56bfc062723c751e8b465ee728b)
Start importing Assets/Polygonal Mind/Assets/2108_ABMAssetPack/Prefabs/Teleporter02_Art.prefab using Guid(e9062b652d78e6149a2aa38c2d82dc16) Importer(815301076,1909f56bfc062723c751e8b465ee728b)  -> (artifact id: '7e575e8a9c5b150480f0e7c9eb64f08c') in 0.035245 seconds
Number of updated asset objects reloaded before import = 0
Number of asset objects unloaded after import = 13
========================================================================
Received Import Request.
  Time since last request: 0.000038 seconds.
  path: Assets/Polygonal Mind/Assets/2108_ABMAssetPack/Prefabs/ParticlesEmitter01_Art.prefab
  artifactKey: Guid(189737965e262034ca7057c6ca21deb9) Importer(815301076,1909f56bfc062723c751e8b465ee728b)
Start importing Assets/Polygonal Mind/Assets/2108_ABMAssetPack/Prefabs/ParticlesEmitter01_Art.prefab using Guid(189737965e262034ca7057c6ca21deb9) Importer(815301076,1909f56bfc062723c751e8b465ee728b)  -> (artifact id: '662801a2918c7db4a17c3a21d391240f') in 0.031722 seconds
Number of updated asset objects reloaded before import = 0
Number of asset objects unloaded after import = 10
========================================================================
Received Import Request.
  Time since last request: 0.000042 seconds.
  path: Assets/Polygonal Mind/Assets/2108_ABMAssetPack/Prefabs/HoloBush01_Art.prefab
  artifactKey: Guid(fbd6284e02094b8498259912cecb8eb5) Importer(815301076,1909f56bfc062723c751e8b465ee728b)
Start importing Assets/Polygonal Mind/Assets/2108_ABMAssetPack/Prefabs/HoloBush01_Art.prefab using Guid(fbd6284e02094b8498259912cecb8eb5) Importer(815301076,1909f56bfc062723c751e8b465ee728b)  -> (artifact id: 'f2f65394ee1f560307e9e58a1a8876a1') in 0.032632 seconds
Number of updated asset objects reloaded before import = 0
Number of asset objects unloaded after import = 10
========================================================================
Received Import Request.
  Time since last request: 0.000041 seconds.
  path: Assets/Polygonal Mind/Assets/2108_ABMAssetPack/Prefabs/TerrainPath01_Art.prefab
  artifactKey: Guid(b9ea40fde3621c44a81bd370295cb516) Importer(815301076,1909f56bfc062723c751e8b465ee728b)
Start importing Assets/Polygonal Mind/Assets/2108_ABMAssetPack/Prefabs/TerrainPath01_Art.prefab using Guid(b9ea40fde3621c44a81bd370295cb516) Importer(815301076,1909f56bfc062723c751e8b465ee728b)  -> (artifact id: 'cce9860b58bb3742fb5da83ab60fe3c4') in 0.028180 seconds
Number of updated asset objects reloaded before import = 0
Number of asset objects unloaded after import = 10
========================================================================
Received Import Request.
  Time since last request: 0.000052 seconds.
  path: Assets/Polygonal Mind/Assets/2108_ABMAssetPack/Prefabs/Sphere01_Art.prefab
  artifactKey: Guid(954d660ab8ce61b4591597ba5fd5422b) Importer(815301076,1909f56bfc062723c751e8b465ee728b)
Start importing Assets/Polygonal Mind/Assets/2108_ABMAssetPack/Prefabs/Sphere01_Art.prefab using Guid(954d660ab8ce61b4591597ba5fd5422b) Importer(815301076,1909f56bfc062723c751e8b465ee728b)  -> (artifact id: 'f7c624fbb0ba544a628952a11f358081') in 1.298075 seconds
Number of updated asset objects reloaded before import = 0
Number of asset objects unloaded after import = 13
========================================================================
Received Import Request.
  Time since last request: 0.000046 seconds.
  path: Assets/Polygonal Mind/Assets/2108_ABMAssetPack/Prefabs/VIPDomes01_Art.prefab
  artifactKey: Guid(acb8f89272457a2428cb442d4806c87a) Importer(815301076,1909f56bfc062723c751e8b465ee728b)
Start importing Assets/Polygonal Mind/Assets/2108_ABMAssetPack/Prefabs/VIPDomes01_Art.prefab using Guid(acb8f89272457a2428cb442d4806c87a) Importer(815301076,1909f56bfc062723c751e8b465ee728b)  -> (artifact id: '528df6f7e0937aa11854388c99bdc968') in 0.027660 seconds
Number of updated asset objects reloaded before import = 0
Number of asset objects unloaded after import = 13
========================================================================
Received Import Request.
  Time since last request: 0.000055 seconds.
  path: Assets/Polygonal Mind/Assets/2108_ABMAssetPack/Prefabs/SignbookArrowRight01_Art.prefab
  artifactKey: Guid(9b061a737d615e14ca11ea297fd96323) Importer(815301076,1909f56bfc062723c751e8b465ee728b)
Start importing Assets/Polygonal Mind/Assets/2108_ABMAssetPack/Prefabs/SignbookArrowRight01_Art.prefab using Guid(9b061a737d615e14ca11ea297fd96323) Importer(815301076,1909f56bfc062723c751e8b465ee728b)  -> (artifact id: '8bb61be3bf88bb6bbb07cb788c3e8fcf') in 0.027970 seconds
Number of updated asset objects reloaded before import = 0
Number of asset objects unloaded after import = 10
========================================================================
Received Import Request.
  Time since last request: 0.000028 seconds.
  path: Assets/Polygonal Mind/Assets/2108_ABMAssetPack/Prefabs/TerrainWalls01_Art.prefab
  artifactKey: Guid(68ec24ca27bd9834f869b10c705e0a2f) Importer(815301076,1909f56bfc062723c751e8b465ee728b)
Start importing Assets/Polygonal Mind/Assets/2108_ABMAssetPack/Prefabs/TerrainWalls01_Art.prefab using Guid(68ec24ca27bd9834f869b10c705e0a2f) Importer(815301076,1909f56bfc062723c751e8b465ee728b)  -> (artifact id: 'fcf1758ce54f961fcb0b177fc86b1bbb') in 0.023411 seconds
Number of updated asset objects reloaded before import = 0
Number of asset objects unloaded after import = 12
========================================================================
Received Import Request.
  Time since last request: 0.000038 seconds.
  path: Assets/Polygonal Mind/Assets/2108_ABMAssetPack/Prefabs/HexagonFloorRamp01_Art.prefab
  artifactKey: Guid(f89d8e6273d041f47a2f376dce39aa4d) Importer(815301076,1909f56bfc062723c751e8b465ee728b)
Start importing Assets/Polygonal Mind/Assets/2108_ABMAssetPack/Prefabs/HexagonFloorRamp01_Art.prefab using Guid(f89d8e6273d041f47a2f376dce39aa4d) Importer(815301076,1909f56bfc062723c751e8b465ee728b)  -> (artifact id: '7a1a9b89fde55d9cb6832c8a9a933b5e') in 0.029145 seconds
Number of updated asset objects reloaded before import = 0
Number of asset objects unloaded after import = 11
========================================================================
Received Import Request.
  Time since last request: 0.000030 seconds.
  path: Assets/Polygonal Mind/Assets/2108_ABMAssetPack/Prefabs/DomeExtra01_Art.prefab
  artifactKey: Guid(74b9f31372734e949bfb791eafe5b8c5) Importer(815301076,1909f56bfc062723c751e8b465ee728b)
Start importing Assets/Polygonal Mind/Assets/2108_ABMAssetPack/Prefabs/DomeExtra01_Art.prefab using Guid(74b9f31372734e949bfb791eafe5b8c5) Importer(815301076,1909f56bfc062723c751e8b465ee728b)  -> (artifact id: 'a851015ebea18c703fabd6064fbd93da') in 0.027621 seconds
Number of updated asset objects reloaded before import = 0
Number of asset objects unloaded after import = 13
========================================================================
Received Import Request.
  Time since last request: 0.000034 seconds.
  path: Assets/Polygonal Mind/Assets/2108_ABMAssetPack/Prefabs/Dome02_Art.prefab
  artifactKey: Guid(3bf67d5c68c953040aee88477568b424) Importer(815301076,1909f56bfc062723c751e8b465ee728b)
Start importing Assets/Polygonal Mind/Assets/2108_ABMAssetPack/Prefabs/Dome02_Art.prefab using Guid(3bf67d5c68c953040aee88477568b424) Importer(815301076,1909f56bfc062723c751e8b465ee728b)  -> (artifact id: '4177f00cabeada24bd55ffa3b660e878') in 0.036349 seconds
Number of updated asset objects reloaded before import = 0
Number of asset objects unloaded after import = 13
========================================================================
Received Import Request.
  Time since last request: 0.000053 seconds.
  path: Assets/Polygonal Mind/Assets/2108_ABMAssetPack/Prefabs/Teleporter01_Art.prefab
  artifactKey: Guid(0f09ea6adbf4b0545bc01d50aa49be8a) Importer(815301076,1909f56bfc062723c751e8b465ee728b)
Start importing Assets/Polygonal Mind/Assets/2108_ABMAssetPack/Prefabs/Teleporter01_Art.prefab using Guid(0f09ea6adbf4b0545bc01d50aa49be8a) Importer(815301076,1909f56bfc062723c751e8b465ee728b)  -> (artifact id: 'fd1c85d8b18514f48dfc79d581f080e0') in 0.036468 seconds
Number of updated asset objects reloaded before import = 0
Number of asset objects unloaded after import = 11
========================================================================
Received Import Request.
  Time since last request: 0.000067 seconds.
  path: Assets/Polygonal Mind/Assets/2108_ABMAssetPack/Prefabs/SignbookArrowLeft01_Art.prefab
  artifactKey: Guid(72361f1f95165564792c8b867a29773d) Importer(815301076,1909f56bfc062723c751e8b465ee728b)
Start importing Assets/Polygonal Mind/Assets/2108_ABMAssetPack/Prefabs/SignbookArrowLeft01_Art.prefab using Guid(72361f1f95165564792c8b867a29773d) Importer(815301076,1909f56bfc062723c751e8b465ee728b)  -> (artifact id: '69273139eaa7312e14d60dadb9b73507') in 0.038079 seconds
Number of updated asset objects reloaded before import = 0
Number of asset objects unloaded after import = 10
========================================================================
Received Import Request.
  Time since last request: 4.390713 seconds.
  path: Assets/Polygonal Mind/Tools
  artifactKey: Guid(d61d075bbeefa7c4bbf4137bbabbc6f3) Importer(815301076,1909f56bfc062723c751e8b465ee728b)
Start importing Assets/Polygonal Mind/Tools using Guid(d61d075bbeefa7c4bbf4137bbabbc6f3) Importer(815301076,1909f56bfc062723c751e8b465ee728b)  -> (artifact id: 'cc7fdcdd68dcd7392b4bdf3726d57717') in 0.000744 seconds
Number of updated asset objects reloaded before import = 0
Number of asset objects unloaded after import = 0
========================================================================
Received Import Request.
  Time since last request: 1.114263 seconds.
  path: Assets/Polygonal Mind/Tools/Editor
  artifactKey: Guid(e0b0e5e11d46a0a4baee8feb97b43c5e) Importer(815301076,1909f56bfc062723c751e8b465ee728b)
Start importing Assets/Polygonal Mind/Tools/Editor using Guid(e0b0e5e11d46a0a4baee8feb97b43c5e) Importer(815301076,1909f56bfc062723c751e8b465ee728b)  -> (artifact id: 'a7535c93849ebdb34536388a4a872faf') in 0.000657 seconds
Number of updated asset objects reloaded before import = 0
Number of asset objects unloaded after import = 0
